<?xml version="1.0" encoding="UTF-8"?>
<!-- Generated by org.testng.reporters.JUnitReportReporter -->
<testsuite hostname="Q10418" name="com.stock.master.datax" tests="1" failures="0" timestamp="23 Aug 2016 07:37:53 GMT" time="6.676" errors="0">
  <testcase name="datax" time="6.676" classname="com.stock.master.datax"/>
</testsuite> <!-- com.stock.master.datax -->
