<?xml version="1.0" encoding="UTF-8"?>
<!-- Generated by org.testng.reporters.JUnitReportReporter -->
<testsuite hostname="Q10418" name="com.stock.master.loginpom" tests="1" failures="0" timestamp="24 Aug 2016 07:12:55 GMT" time="6.412" errors="0">
  <testcase name="logpom" time="6.412" classname="com.stock.master.loginpom"/>
</testsuite> <!-- com.stock.master.loginpom -->
