<?xml version="1.0" encoding="UTF-8"?>
<!-- Generated by org.testng.reporters.JUnitReportReporter -->
<testsuite hostname="Q10418" name="com.stock.master.grid" tests="1" failures="0" timestamp="29 Aug 2016 08:01:18 GMT" time="29.893" errors="0">
  <testcase name="exe" time="29.893" classname="com.stock.master.grid"/>
</testsuite> <!-- com.stock.master.grid -->
