<?xml version="1.0" encoding="UTF-8"?>
<!-- Generated by org.testng.reporters.JUnitReportReporter -->
<testsuite hostname="Q10418" name="com.stock.master.examplNG" tests="2" failures="0" timestamp="23 Aug 2016 07:22:42 GMT" time="4.446" errors="0">
  <testcase name="sales" time="2.332" classname="com.stock.master.examplNG"/>
  <testcase name="supp" time="2.114" classname="com.stock.master.examplNG"/>
</testsuite> <!-- com.stock.master.examplNG -->
